<?xml version="1.0" encoding="UTF-8"?>
<robot generator="Robot 7.4.2 (Python 3.13.7 on win32)" generated="2026-03-16T15:04:17.262943" rpa="false" schemaversion="5">
<suite id="s1" name="Deo Hut Tests" source="C:\Users\riyam\PycharmProjects\Deo-HUT-Automation\tests\..\tests\deo_hut_tests.robot">
<test id="s1-t1" name="Verify DEO HUT" line="8">
<kw name="Open Deo Hut Website" owner="login_page">
<kw name="Open Browser" owner="SeleniumLibrary">
<msg time="2026-03-16T15:04:17.955881" level="INFO">Opening browser 'Firefox' to base url 'https://datalab-staging.unilever.com/public/deohut/studies'.</msg>
<arg>${URL}</arg>
<arg>${BROWSER}</arg>
<doc>Opens a new browser instance to the optional ``url``.</doc>
<status status="PASS" start="2026-03-16T15:04:17.955622" elapsed="12.516117"/>
</kw>
<kw name="Maximize Browser Window" owner="SeleniumLibrary">
<doc>Maximizes current browser window.</doc>
<status status="PASS" start="2026-03-16T15:04:30.473220" elapsed="0.359249"/>
</kw>
<status status="PASS" start="2026-03-16T15:04:17.954633" elapsed="12.878592"/>
</kw>
<kw name="Login With Email" owner="login_page">
<kw name="Wait Until Element Is Visible" owner="SeleniumLibrary">
<arg>${USERNAME_FIELD}</arg>
<arg>20s</arg>
<doc>Waits until the element ``locator`` is visible.</doc>
<status status="PASS" start="2026-03-16T15:04:30.854607" elapsed="0.900312"/>
</kw>
<kw name="Input Text" owner="SeleniumLibrary">
<msg time="2026-03-16T15:04:31.761858" level="INFO">Typing text 'riya.mandal@unilever.com' into text field 'xpath://*[@id="i0116"]'.</msg>
<arg>${USERNAME_FIELD}</arg>
<arg>${USERNAME}</arg>
<doc>Types the given ``text`` into the text field identified by ``locator``.</doc>
<status status="PASS" start="2026-03-16T15:04:31.756721" elapsed="0.162963"/>
</kw>
<kw name="Click Element" owner="SeleniumLibrary">
<msg time="2026-03-16T15:04:31.933027" level="INFO">Clicking element 'xpath://*[@id="idSIButton9"]'.</msg>
<arg>${NEXT_BUTTON}</arg>
<doc>Click the element identified by ``locator``.</doc>
<status status="PASS" start="2026-03-16T15:04:31.921914" elapsed="0.182903"/>
</kw>
<kw name="Wait Until Element Is Visible" owner="SeleniumLibrary">
<arg>${PASSWORD_FIELD}</arg>
<arg>20s</arg>
<doc>Waits until the element ``locator`` is visible.</doc>
<status status="PASS" start="2026-03-16T15:04:32.105114" elapsed="0.728323"/>
</kw>
<kw name="Input Text" owner="SeleniumLibrary">
<msg time="2026-03-16T15:04:32.834261" level="INFO">Typing text 'Studytype@546#1' into text field 'xpath://*[@id="i0118"]'.</msg>
<arg>${PASSWORD_FIELD}</arg>
<arg>${PASSWORD}</arg>
<doc>Types the given ``text`` into the text field identified by ``locator``.</doc>
<status status="PASS" start="2026-03-16T15:04:32.833819" elapsed="0.049459"/>
</kw>
<kw name="Click Element" owner="SeleniumLibrary">
<msg time="2026-03-16T15:04:32.884360" level="INFO">Clicking element 'xpath://*[@id="idSIButton9"]'.</msg>
<arg>${NEXT_BUTTON}</arg>
<doc>Click the element identified by ``locator``.</doc>
<status status="PASS" start="2026-03-16T15:04:32.883780" elapsed="0.604885"/>
</kw>
<kw name="Run Keyword And Ignore Error" owner="BuiltIn">
<kw name="Wait Until Element Is Visible" owner="SeleniumLibrary">
<msg time="2026-03-16T15:04:43.751476" level="INFO" html="true">&lt;/td&gt;&lt;/tr&gt;&lt;tr&gt;&lt;td colspan="3"&gt;&lt;a href="selenium-screenshot-20.png"&gt;&lt;img src="selenium-screenshot-20.png" width="800px"&gt;&lt;/a&gt;</msg>
<msg time="2026-03-16T15:04:43.755409" level="FAIL">Element 'xpath=//*[@id="idSIButton9"]' not visible after 10 seconds.</msg>
<arg>xpath=//*[@id="idSIButton9"]</arg>
<arg>10s</arg>
<doc>Waits until the element ``locator`` is visible.</doc>
<status status="FAIL" start="2026-03-16T15:04:33.490085" elapsed="10.406891">Element 'xpath=//*[@id="idSIButton9"]' not visible after 10 seconds.</status>
</kw>
<arg>Wait Until Element Is Visible</arg>
<arg>xpath=//*[@id="idSIButton9"]</arg>
<arg>10s</arg>
<doc>Runs the given keyword with the given arguments and ignores possible error.</doc>
<status status="PASS" start="2026-03-16T15:04:33.489021" elapsed="10.408308"/>
</kw>
<kw name="Run Keyword And Ignore Error" owner="BuiltIn">
<kw name="Click Element" owner="SeleniumLibrary">
<msg time="2026-03-16T15:04:43.898737" level="INFO">Clicking element 'xpath=//*[@id="idSIButton9"]'.</msg>
<msg time="2026-03-16T15:04:43.941875" level="INFO" html="true">&lt;/td&gt;&lt;/tr&gt;&lt;tr&gt;&lt;td colspan="3"&gt;&lt;a href="selenium-screenshot-21.png"&gt;&lt;img src="selenium-screenshot-21.png" width="800px"&gt;&lt;/a&gt;</msg>
<msg time="2026-03-16T15:04:43.942186" level="FAIL">Element with locator 'xpath=//*[@id="idSIButton9"]' not found.</msg>
<arg>xpath=//*[@id="idSIButton9"]</arg>
<doc>Click the element identified by ``locator``.</doc>
<status status="FAIL" start="2026-03-16T15:04:43.898347" elapsed="0.204910">Element with locator 'xpath=//*[@id="idSIButton9"]' not found.</status>
</kw>
<arg>Click Element</arg>
<arg>xpath=//*[@id="idSIButton9"]</arg>
<doc>Runs the given keyword with the given arguments and ignores possible error.</doc>
<status status="PASS" start="2026-03-16T15:04:43.897713" elapsed="0.205829"/>
</kw>
<kw name="Wait Until Page Contains" owner="SeleniumLibrary">
<arg>Studies</arg>
<arg>60s</arg>
<doc>Waits until ``text`` appears on the current page.</doc>
<status status="PASS" start="2026-03-16T15:04:44.103897" elapsed="6.477993"/>
</kw>
<status status="PASS" start="2026-03-16T15:04:30.843245" elapsed="19.740067"/>
</kw>
<kw name="Select Deodorant Category" owner="product_page">
<kw name="Wait Until Element Is Visible" owner="SeleniumLibrary">
<arg>${DEODORANTS_SELECTOR}</arg>
<arg>60s</arg>
<doc>Waits until the element ``locator`` is visible.</doc>
<status status="PASS" start="2026-03-16T15:04:50.584862" elapsed="0.704643"/>
</kw>
<kw name="Scroll Element Into View" owner="SeleniumLibrary">
<arg>${DEODORANTS_SELECTOR}</arg>
<doc>Scrolls the element identified by ``locator`` into view.</doc>
<status status="PASS" start="2026-03-16T15:04:51.290049" elapsed="0.319230"/>
</kw>
<kw name="Click Element" owner="SeleniumLibrary">
<msg time="2026-03-16T15:04:51.610704" level="INFO">Clicking element 'xpath=//label[@for="Deodorants"]'.</msg>
<arg>${DEODORANTS_SELECTOR}</arg>
<doc>Click the element identified by ``locator``.</doc>
<status status="PASS" start="2026-03-16T15:04:51.609935" elapsed="0.121187"/>
</kw>
<status status="PASS" start="2026-03-16T15:04:50.584220" elapsed="1.147159"/>
</kw>
<kw name="Confirm Product Selection" owner="product_page">
<kw name="Wait Until Element Is Visible" owner="SeleniumLibrary">
<arg>${CONFIRM_BUTTON}</arg>
<arg>30s</arg>
<doc>Waits until the element ``locator`` is visible.</doc>
<status status="PASS" start="2026-03-16T15:04:51.732638" elapsed="0.018175"/>
</kw>
<kw name="Scroll Element Into View" owner="SeleniumLibrary">
<arg>${CONFIRM_BUTTON}</arg>
<doc>Scrolls the element identified by ``locator`` into view.</doc>
<status status="PASS" start="2026-03-16T15:04:51.751315" elapsed="0.288345"/>
</kw>
<kw name="Click Element" owner="SeleniumLibrary">
<msg time="2026-03-16T15:04:52.040154" level="INFO">Clicking element 'css:.css-dq901w-MuiButtonBase-root-MuiButton-root'.</msg>
<arg>${CONFIRM_BUTTON}</arg>
<doc>Click the element identified by ``locator``.</doc>
<status status="PASS" start="2026-03-16T15:04:52.039889" elapsed="0.354641"/>
</kw>
<status status="PASS" start="2026-03-16T15:04:51.732078" elapsed="0.662686"/>
</kw>
<kw name="Select First Checkbox" owner="product_page">
<kw name="Wait Until Element Is Visible" owner="SeleniumLibrary">
<msg time="2026-03-16T15:05:52.745287" level="INFO" html="true">&lt;/td&gt;&lt;/tr&gt;&lt;tr&gt;&lt;td colspan="3"&gt;&lt;a href="selenium-screenshot-22.png"&gt;&lt;img src="selenium-screenshot-22.png" width="800px"&gt;&lt;/a&gt;</msg>
<msg time="2026-03-16T15:05:52.747060" level="FAIL">Element 'xpath=(//fieldset//input[@type="checkbox"])[1]' not visible after 1 minute.</msg>
<arg>${FIRST_CHECKBOX}</arg>
<arg>60s</arg>
<doc>Waits until the element ``locator`` is visible.</doc>
<status status="FAIL" start="2026-03-16T15:04:52.396483" elapsed="60.354704">Element 'xpath=(//fieldset//input[@type="checkbox"])[1]' not visible after 1 minute.</status>
</kw>
<kw name="Scroll Element Into View" owner="SeleniumLibrary">
<arg>${FIRST_CHECKBOX}</arg>
<doc>Scrolls the element identified by ``locator`` into view.</doc>
<status status="NOT RUN" start="2026-03-16T15:05:52.754095" elapsed="0.000144"/>
</kw>
<kw name="Click Element" owner="SeleniumLibrary">
<arg>${FIRST_CHECKBOX}</arg>
<doc>Click the element identified by ``locator``.</doc>
<status status="NOT RUN" start="2026-03-16T15:05:52.754388" elapsed="0.000021"/>
</kw>
<kw name="Checkbox Should Be Selected" owner="SeleniumLibrary">
<arg>${FIRST_CHECKBOX}</arg>
<doc>Verifies checkbox ``locator`` is selected/checked.</doc>
<status status="NOT RUN" start="2026-03-16T15:05:52.754511" elapsed="0.000018"/>
</kw>
<status status="FAIL" start="2026-03-16T15:04:52.395899" elapsed="60.359801">Element 'xpath=(//fieldset//input[@type="checkbox"])[1]' not visible after 1 minute.</status>
</kw>
<kw name="Click Move On Icon" owner="product_page">
<status status="NOT RUN" start="2026-03-16T15:05:52.757206" elapsed="0.000066"/>
</kw>
<kw name="Open Driver Analysis Graph" owner="analysis_page">
<status status="NOT RUN" start="2026-03-16T15:05:52.758175" elapsed="0.000060"/>
</kw>
<status status="FAIL" start="2026-03-16T15:04:17.953836" elapsed="94.806497">Element 'xpath=(//fieldset//input[@type="checkbox"])[1]' not visible after 1 minute.</status>
</test>
<status status="FAIL" start="2026-03-16T15:04:17.267158" elapsed="95.501212"/>
</suite>
<statistics>
<total>
<stat pass="0" fail="1" skip="0">All Tests</stat>
</total>
<tag>
</tag>
<suite>
<stat name="Deo Hut Tests" id="s1" pass="0" fail="1" skip="0">Deo Hut Tests</stat>
</suite>
</statistics>
<errors>
</errors>
</robot>
